current directory: /Users/qianxu/Project/helloqxwang.github.io/.gems/gems/json-2.20.0/ext/json/ext/parser
/opt/homebrew/opt/ruby/bin/ruby extconf.rb
checking for rb_enc_interned_str() in ruby/encoding.h... yes
checking for rb_str_to_interned_str() in ruby.h... yes
checking for rb_hash_new_capa() in ruby.h... yes
checking for rb_hash_bulk_insert() in ruby.h... yes
checking for ruby_xfree_sized() in ruby.h... no
checking for __builtin_clzll()... yes
checking for x86intrin.h... no
checking for intrin.h... no
checking for RUBY_TYPED_EMBEDDABLE in ruby.h... yes
checking for whether -std=c99 is accepted as CFLAGS... yes
checking for arm_neon.h... yes
checking for cpuid.h... no
creating Makefile

current directory: /Users/qianxu/Project/helloqxwang.github.io/.gems/gems/json-2.20.0/ext/json/ext/parser
make -j11 DESTDIR\= sitearchdir\=./.gem.20260625-69845-gya06v sitelibdir\=./.gem.20260625-69845-gya06v clean

current directory: /Users/qianxu/Project/helloqxwang.github.io/.gems/gems/json-2.20.0/ext/json/ext/parser
make -j11 DESTDIR\= sitearchdir\=./.gem.20260625-69845-gya06v sitelibdir\=./.gem.20260625-69845-gya06v
compiling parser.c
linking shared-object json/ext/parser.bundle

current directory: /Users/qianxu/Project/helloqxwang.github.io/.gems/gems/json-2.20.0/ext/json/ext/parser
make -j11 DESTDIR\= sitearchdir\=./.gem.20260625-69845-gya06v sitelibdir\=./.gem.20260625-69845-gya06v install
/usr/bin/install -c -m 0755 parser.bundle ./.gem.20260625-69845-gya06v/json/ext

current directory: /Users/qianxu/Project/helloqxwang.github.io/.gems/gems/json-2.20.0/ext/json/ext/parser
make DESTDIR\= sitearchdir\=./.gem.20260625-69845-gya06v sitelibdir\=./.gem.20260625-69845-gya06v clean
